<?xml version="1.0" encoding="UTF-8"?>
<!-- Generated by org.testng.reporters.JUnitReportReporter -->
<testsuite hostname="DESKTOP-O7IT7FG" failures="0" tests="1" name="com.arena.testCases.TC_010_QualityRestraints" time="94.128" errors="0" timestamp="2022-07-25T00:21:02 IST" skipped="0">
  <testcase classname="com.arena.testCases.TC_010_QualityRestraints" name="QualityRestraints" time="94.128"/>
  <system-out/>
</testsuite> <!-- com.arena.testCases.TC_010_QualityRestraints -->
