<?xml version="1.0" encoding="UTF-8"?>
<!-- Generated by org.testng.reporters.JUnitReportReporter -->
<testsuite hostname="DESKTOP-O7IT7FG" failures="0" tests="1" name="com.arena.testCases.TC_008_QL1_Log" time="142.749" errors="0" timestamp="2022-07-24T23:17:37 IST" skipped="0">
  <testcase classname="com.arena.testCases.TC_008_QL1_Log" name="QL1Log" time="142.749"/>
  <system-out/>
</testsuite> <!-- com.arena.testCases.TC_008_QL1_Log -->
