<?xml version="1.0" encoding="UTF-8"?>
<!-- Generated by org.testng.reporters.JUnitReportReporter -->
<testsuite hostname="DESKTOP-O7IT7FG" failures="0" tests="1" name="com.arena.testCases.TC_004_ProjectPage" time="24.162" errors="0" timestamp="2022-07-09T12:45:04 IST" skipped="0">
  <testcase classname="com.arena.testCases.TC_004_ProjectPage" name="projectPage" time="24.162"/>
  <system-out/>
</testsuite> <!-- com.arena.testCases.TC_004_ProjectPage -->
