<?xml version="1.0" encoding="UTF-8"?>
<!-- Generated by org.testng.reporters.JUnitReportReporter -->
<testsuite hostname="DESKTOP-O7IT7FG" failures="0" tests="1" name="com.arena.testCases.TC_007_WorkLogsA1" time="43.033" errors="0" timestamp="2022-07-15T15:08:39 IST" skipped="0">
  <testcase classname="com.arena.testCases.TC_007_WorkLogsA1" name="WorkLogs" time="43.033"/>
  <system-out/>
</testsuite> <!-- com.arena.testCases.TC_007_WorkLogsA1 -->
