<?xml version="1.0" encoding="UTF-8"?>
<!-- Generated by org.testng.reporters.JUnitReportReporter -->
<testsuite hostname="DESKTOP-O7IT7FG" failures="0" tests="1" name="com.arena.testCases.TC_ProjectsPage_003" time="6.265" errors="0" timestamp="2022-07-06T16:50:23 IST" skipped="0">
  <testcase classname="com.arena.testCases.TC_ProjectsPage_003" name="projectsPage" time="6.265"/>
  <system-out/>
</testsuite> <!-- com.arena.testCases.TC_ProjectsPage_003 -->
