<?xml version="1.0" encoding="UTF-8"?>
<!-- Generated by org.testng.reporters.JUnitReportReporter -->
<testsuite hostname="DESKTOP-O7IT7FG" failures="0" tests="1" name="com.arena.testCases.TC_006_AddProjectLocation" time="90.056" errors="0" timestamp="2022-07-15T15:08:39 IST" skipped="0">
  <testcase classname="com.arena.testCases.TC_006_AddProjectLocation" name="AddProjectLocation" time="90.056"/>
  <system-out/>
</testsuite> <!-- com.arena.testCases.TC_006_AddProjectLocation -->
