<?xml version="1.0" encoding="UTF-8"?>
<!-- Generated by org.testng.reporters.JUnitReportReporter -->
<testsuite hostname="DESKTOP-O7IT7FG" failures="0" tests="1" name="com.arena.testCases.TC_001_LoginTest" time="8.410" errors="0" timestamp="2022-07-06T16:53:11 IST" skipped="0">
  <testcase classname="com.arena.testCases.TC_001_LoginTest" name="loginTest" time="8.410"/>
  <system-out/>
</testsuite> <!-- com.arena.testCases.TC_001_LoginTest -->
