<?xml version="1.0" encoding="UTF-8"?>
<!-- Generated by org.testng.reporters.JUnitReportReporter -->
<testsuite hostname="DESKTOP-O7IT7FG" failures="0" tests="1" name="com.arena.testCases.TC_005_RFI" time="51.799" errors="0" timestamp="2022-07-14T17:47:21 IST" skipped="0">
  <testcase classname="com.arena.testCases.TC_005_RFI" name="newRFIForm" time="51.799"/>
  <system-out/>
</testsuite> <!-- com.arena.testCases.TC_005_RFI -->
