<?xml version="1.0" encoding="UTF-8"?>
<!-- Generated by org.testng.reporters.JUnitReportReporter -->
<testsuite hostname="DESKTOP-O7IT7FG" failures="0" tests="1" name="com.arena.testCases.TC_003_ProjectsPage" time="6.324" errors="0" timestamp="2022-07-06T16:53:11 IST" skipped="0">
  <testcase classname="com.arena.testCases.TC_003_ProjectsPage" name="projectsPage" time="6.324"/>
  <system-out/>
</testsuite> <!-- com.arena.testCases.TC_003_ProjectsPage -->
