<?xml version="1.0" encoding="UTF-8"?>
<!-- Generated by org.testng.reporters.JUnitReportReporter -->
<testsuite hostname="DESKTOP-O7IT7FG" failures="0" tests="1" name="com.arena.testCases.TC_011_CreateNewProject" time="58.833" errors="0" timestamp="2022-07-27T16:46:04 IST" skipped="0">
  <testcase classname="com.arena.testCases.TC_011_CreateNewProject" name="CreateNewProject" time="58.833"/>
  <system-out/>
</testsuite> <!-- com.arena.testCases.TC_011_CreateNewProject -->
