<?xml version="1.0" encoding="UTF-8"?>
<!-- Generated by org.testng.reporters.JUnitReportReporter -->
<testsuite hostname="DESKTOP-O7IT7FG" failures="0" tests="1" name="com.arena.testCases.TC_LoginTest_001" time="8.407" errors="0" timestamp="2022-07-06T16:18:58 IST" skipped="0">
  <testcase classname="com.arena.testCases.TC_LoginTest_001" name="loginTest" time="8.407"/>
  <system-out/>
</testsuite> <!-- com.arena.testCases.TC_LoginTest_001 -->
