<?xml version="1.0" encoding="UTF-8"?>
<!-- Generated by org.testng.reporters.JUnitReportReporter -->
<testsuite hostname="DESKTOP-O7IT7FG" failures="0" tests="1" name="com.arena.testCases.TC_007_WorkLogsA1" time="95.817" errors="0" timestamp="2022-07-24T18:17:57 IST" skipped="0">
  <testcase classname="com.arena.testCases.TC_007_WorkLogsA1" name="WorkLogs" time="95.817"/>
  <system-out/>
</testsuite> <!-- com.arena.testCases.TC_007_WorkLogsA1 -->
