<?xml version="1.0" encoding="UTF-8"?>
<!-- Generated by org.testng.reporters.JUnitReportReporter -->
<testsuite hostname="DESKTOP-O7IT7FG" failures="0" tests="1" name="com.arena.testCases.TC_009_QL2_Log" time="177.865" errors="0" timestamp="2022-07-27T18:11:07 IST" skipped="0">
  <testcase classname="com.arena.testCases.TC_009_QL2_Log" name="QL2Log" time="177.865"/>
  <system-out/>
</testsuite> <!-- com.arena.testCases.TC_009_QL2_Log -->
