<?xml version="1.0" encoding="UTF-8"?>
<!-- Generated by org.testng.reporters.JUnitReportReporter -->
<testsuite hostname="DESKTOP-O7IT7FG" failures="0" tests="1" name="com.arena.testCases.TC_005_RFI" time="40.260" errors="0" timestamp="2022-07-12T18:28:26 IST" skipped="0">
  <testcase classname="com.arena.testCases.TC_005_RFI" name="newRFIForm" time="40.260"/>
  <system-out/>
</testsuite> <!-- com.arena.testCases.TC_005_RFI -->
